<?xml version="1.0" encoding="UTF-8"?>
<!-- Generated by org.testng.reporters.JUnitXMLReporter -->
<testsuite ignored="0" hostname="Vigneshs-MacBook-Air-3.local" failures="0" tests="4" name="Test" time="13.15" errors="0" timestamp="2024-09-23T00:20:24 IST">
  <testcase classname="api.test.UserTestPropFile" name="testPostUser" time="4.315"/>
  <testcase classname="api.test.UserTestPropFile" name="testGetUserByName" time="1.75"/>
  <testcase classname="api.test.UserTestPropFile" name="testUpdateUser" time="3.611"/>
  <testcase classname="api.test.UserTestPropFile" name="deleteUserbyName" time="1.29"/>
</testsuite> <!-- Test -->
