<?xml version="1.0" encoding="UTF-8"?>
<!-- Generated by org.testng.reporters.JUnitXMLReporter -->
<testsuite ignored="0" hostname="Vigneshs-MacBook-Air-3.local" failures="0" tests="4" name="Test" time="13.776" errors="0" timestamp="2024-09-23T00:49:00 IST">
  <testcase classname="api.test.UserTestPropFile" name="testPostUser" time="4.877"/>
  <testcase classname="api.test.UserTestPropFile" name="testGetUserByName" time="1.345"/>
  <testcase classname="api.test.UserTestPropFile" name="testUpdateUser" time="3.344"/>
  <testcase classname="api.test.UserTestPropFile" name="deleteUserbyName" time="2.048"/>
</testsuite> <!-- Test -->
