<?xml version="1.0" encoding="UTF-8"?>
<testsuite xmlns:xsi="http://www.w3.org/2001/XMLSchema-instance" xsi:noNamespaceSchemaLocation="https://maven.apache.org/surefire/maven-surefire-plugin/xsd/surefire-test-report-3.0.xsd" version="3.0" name="TestSuite" time="15.221" tests="4" errors="0" skipped="0" failures="0">
  <properties>
[...]
</properties>
  <testcase name="testPostUser" classname="api.test.UserTestPropFile" time="4.905">
    <system-out><![CDATA[Request URL: https://petstore.swagger.io/v2/user
Response Code: 200
Response Body: {"code":200,"type":"unknown","message":"1722570594"}
HTTP/1.1 200 OK
Date: Sun, 22 Sep 2024 19:18:53 GMT
Content-Type: application/json
Transfer-Encoding: chunked
Connection: keep-alive
Access-Control-Allow-Origin: *
Access-Control-Allow-Methods: GET, POST, DELETE, PUT
Access-Control-Allow-Headers: Content-Type, api_key, Authorization
Server: Jetty(9.2.9.v20150224)

{
    "code": 200,
    "type": "unknown",
    "message": "1722570594"
}
]]></system-out>
    <system-err><![CDATA[SLF4J: Failed to load class "org.slf4j.impl.StaticLoggerBinder".
SLF4J: Defaulting to no-operation (NOP) logger implementation
SLF4J: See http://www.slf4j.org/codes.html#StaticLoggerBinder for further details.
]]></system-err>
  </testcase>
  <testcase name="testGetUserByName" classname="api.test.UserTestPropFile" time="1.349">
    <system-out><![CDATA[HTTP/1.1 200 OK
Date: Sun, 22 Sep 2024 19:18:54 GMT
Content-Type: application/json
Transfer-Encoding: chunked
Connection: keep-alive
Access-Control-Allow-Origin: *
Access-Control-Allow-Methods: GET, POST, DELETE, PUT
Access-Control-Allow-Headers: Content-Type, api_key, Authorization
Server: Jetty(9.2.9.v20150224)

{
    "id": 1722570594,
    "username": "mohammad.stanton",
    "email": "jaqueline.thompson@example.com",
    "password": "dw0jtayn3",
    "phone": "108-607-4955",
    "userStatus": 0
}
]]></system-out>
  </testcase>
  <testcase name="testUpdateUser" classname="api.test.UserTestPropFile" time="3.345">
    <system-out><![CDATA[HTTP/1.1 200 OK
Date: Sun, 22 Sep 2024 19:18:56 GMT
Content-Type: application/json
Transfer-Encoding: chunked
Connection: keep-alive
Access-Control-Allow-Origin: *
Access-Control-Allow-Methods: GET, POST, DELETE, PUT
Access-Control-Allow-Headers: Content-Type, api_key, Authorization
Server: Jetty(9.2.9.v20150224)

{
    "code": 200,
    "type": "unknown",
    "message": "1722570594"
}
]]></system-out>
  </testcase>
  <testcase name="deleteUserbyName" classname="api.test.UserTestPropFile" time="2.05">
    <system-out><![CDATA[HTTP/1.1 200 OK
Date: Sun, 22 Sep 2024 19:18:59 GMT
Content-Type: application/json
Transfer-Encoding: chunked
Connection: keep-alive
Access-Control-Allow-Origin: *
Access-Control-Allow-Methods: GET, POST, DELETE, PUT
Access-Control-Allow-Headers: Content-Type, api_key, Authorization
Server: Jetty(9.2.9.v20150224)

{
    "code": 200,
    "type": "unknown",
    "message": "mohammad.stanton"
}
]]></system-out>
  </testcase>
</testsuite>