<?xml version="1.0" encoding="UTF-8"?>
<testng-results ignored="0" total="4" passed="4" failed="0" skipped="0">
  <reporter-output>
  </reporter-output>
  <suite started-at="2024-09-23T00:48:46 IST" name="Suite" finished-at="2024-09-23T00:49:00 IST" duration-ms="13776">
    <groups>
    </groups>
    <test started-at="2024-09-23T00:48:46 IST" name="Test" finished-at="2024-09-23T00:49:00 IST" duration-ms="13776">
      <class name="api.test.UserTestPropFile">
        <test-method is-config="true" signature="setup()[pri:0, instance:api.test.UserTestPropFile@5403f35f]" started-at="2024-09-23T00:48:47 IST" name="setup" finished-at="2024-09-23T00:48:48 IST" duration-ms="1446" status="PASS">
          <reporter-output>
          </reporter-output>
        </test-method> <!-- setup -->
        <test-method signature="testPostUser()[pri:1, instance:api.test.UserTestPropFile@5403f35f]" started-at="2024-09-23T00:48:48 IST" name="testPostUser" finished-at="2024-09-23T00:48:53 IST" duration-ms="4877" status="PASS">
          <reporter-output>
          </reporter-output>
        </test-method> <!-- testPostUser -->
        <test-method signature="testGetUserByName()[pri:2, instance:api.test.UserTestPropFile@5403f35f]" started-at="2024-09-23T00:48:53 IST" name="testGetUserByName" finished-at="2024-09-23T00:48:54 IST" duration-ms="1345" status="PASS">
          <reporter-output>
          </reporter-output>
        </test-method> <!-- testGetUserByName -->
        <test-method signature="testUpdateUser()[pri:3, instance:api.test.UserTestPropFile@5403f35f]" started-at="2024-09-23T00:48:54 IST" name="testUpdateUser" finished-at="2024-09-23T00:48:58 IST" duration-ms="3344" status="PASS">
          <reporter-output>
          </reporter-output>
        </test-method> <!-- testUpdateUser -->
        <test-method signature="deleteUserbyName()[pri:4, instance:api.test.UserTestPropFile@5403f35f]" started-at="2024-09-23T00:48:58 IST" name="deleteUserbyName" finished-at="2024-09-23T00:49:00 IST" duration-ms="2048" status="PASS">
          <reporter-output>
          </reporter-output>
        </test-method> <!-- deleteUserbyName -->
      </class> <!-- api.test.UserTestPropFile -->
    </test> <!-- Test -->
  </suite> <!-- Suite -->
</testng-results>
